e:\универ\3 курс\псп\lab2\servert\servert\x64\debug\vc143.pdb
e:\универ\3 курс\псп\lab2\servert\servert\x64\debug\vc143.idb
e:\универ\3 курс\псп\lab2\servert\servert\x64\debug\servert.obj
e:\универ\3 курс\псп\lab2\servert\servert\x64\debug\errors.obj
e:\универ\3 курс\псп\lab2\servert\servert\x64\debug\servert.ilk
e:\универ\3 курс\псп\lab2\servert\x64\debug\servert.pdb
e:\универ\3 курс\псп\lab2\servert\servert\x64\debug\servert.tlog\cl.command.1.tlog
e:\универ\3 курс\псп\lab2\servert\servert\x64\debug\servert.tlog\cl.items.tlog
e:\универ\3 курс\псп\lab2\servert\servert\x64\debug\servert.tlog\cl.read.1.tlog
e:\универ\3 курс\псп\lab2\servert\servert\x64\debug\servert.tlog\cl.write.1.tlog
e:\универ\3 курс\псп\lab2\servert\servert\x64\debug\servert.tlog\link-cvtres.read.1.tlog
e:\универ\3 курс\псп\lab2\servert\servert\x64\debug\servert.tlog\link-cvtres.write.1.tlog
e:\универ\3 курс\псп\lab2\servert\servert\x64\debug\servert.tlog\link-rc.read.1.tlog
e:\универ\3 курс\псп\lab2\servert\servert\x64\debug\servert.tlog\link-rc.write.1.tlog
e:\универ\3 курс\псп\lab2\servert\servert\x64\debug\servert.tlog\link.10428-cvtres.read.1.tlog
e:\универ\3 курс\псп\lab2\servert\servert\x64\debug\servert.tlog\link.10428-cvtres.write.1.tlog
e:\универ\3 курс\псп\lab2\servert\servert\x64\debug\servert.tlog\link.10428-rc.read.1.tlog
e:\универ\3 курс\псп\lab2\servert\servert\x64\debug\servert.tlog\link.10428-rc.write.1.tlog
e:\универ\3 курс\псп\lab2\servert\servert\x64\debug\servert.tlog\link.10428.read.1.tlog
e:\универ\3 курс\псп\lab2\servert\servert\x64\debug\servert.tlog\link.10428.read.2.tlog
e:\универ\3 курс\псп\lab2\servert\servert\x64\debug\servert.tlog\link.10428.write.1.tlog
e:\универ\3 курс\псп\lab2\servert\servert\x64\debug\servert.tlog\link.command.1.tlog
e:\универ\3 курс\псп\lab2\servert\servert\x64\debug\servert.tlog\link.read.1.tlog
e:\универ\3 курс\псп\lab2\servert\servert\x64\debug\servert.tlog\link.read.2.tlog
e:\универ\3 курс\псп\lab2\servert\servert\x64\debug\servert.tlog\link.secondary.1.tlog
e:\универ\3 курс\псп\lab2\servert\servert\x64\debug\servert.tlog\link.write.1.tlog
